<?xml version="1.0" encoding="UTF-8"?>
<!-- Generated by org.testng.reporters.JUnitReportReporter -->
<testsuite hostname="DESKTOP-NPOGQ3C" failures="0" tests="13" name="MyTestCases" time="3.585" errors="0" timestamp="2024-11-11T19:11:50 EET" skipped="12">
  <testcase classname="MyTestCases" name="iFrame" time="3.585"/>
  <system-out/>
  <testcase classname="MyTestCases" name="Mouse_Hover">
    <skipped/>
  </testcase> <!-- Mouse_Hover -->
  <system-out/>
  <testcase classname="MyTestCases" name="Enable_Disable">
    <skipped/>
  </testcase> <!-- Enable_Disable -->
  <system-out/>
  <testcase classname="MyTestCases" name="RadioButtons">
    <skipped/>
  </testcase> <!-- RadioButtons -->
  <system-out/>
  <testcase classname="MyTestCases" name="ElementDisplayed">
    <skipped/>
  </testcase> <!-- ElementDisplayed -->
  <system-out/>
  <testcase classname="MyTestCases" name="switchTab">
    <skipped/>
  </testcase> <!-- switchTab -->
  <system-out/>
  <testcase classname="MyTestCases" name="checkbox">
    <skipped/>
  </testcase> <!-- checkbox -->
  <system-out/>
  <testcase classname="MyTestCases" name="switcALERT">
    <skipped/>
  </testcase> <!-- switcALERT -->
  <system-out/>
  <testcase classname="MyTestCases" name="selectTag">
    <skipped/>
  </testcase> <!-- selectTag -->
  <system-out/>
  <testcase classname="MyTestCases" name="openWindow">
    <skipped/>
  </testcase> <!-- openWindow -->
  <system-out/>
  <testcase classname="MyTestCases" name="calendar">
    <skipped/>
  </testcase> <!-- calendar -->
  <system-out/>
  <testcase classname="MyTestCases" name="DynamicDropDownList">
    <skipped/>
  </testcase> <!-- DynamicDropDownList -->
  <system-out/>
  <testcase classname="MyTestCases" name="Table">
    <skipped/>
  </testcase> <!-- Table -->
  <system-out/>
</testsuite> <!-- MyTestCases -->
