<?xml version="1.0" encoding="UTF-8"?>
<!-- Generated by org.testng.reporters.JUnitReportReporter -->
<testsuite hostname="DESKTOP-NPOGQ3C" failures="0" tests="6" name="MyTestCases" time="23.267" errors="0" timestamp="2024-11-06T19:35:30 EET" skipped="0">
  <testcase classname="MyTestCases" name="RadioButtons" time="0.192"/>
  <system-out/>
  <testcase classname="MyTestCases" name="DynamicDropDownList" time="1.218"/>
  <system-out/>
  <testcase classname="MyTestCases" name="selectTag" time="0.205"/>
  <system-out/>
  <testcase classname="MyTestCases" name="checkbox" time="0.309"/>
  <system-out/>
  <testcase classname="MyTestCases" name="openWindow" time="9.966"/>
  <system-out/>
  <testcase classname="MyTestCases" name="switchTab" time="11.377"/>
  <system-out/>
</testsuite> <!-- MyTestCases -->
