<?xml version="1.0" encoding="UTF-8"?>
<!-- Generated by org.testng.reporters.JUnitReportReporter -->
<testsuite hostname="DESKTOP-NPOGQ3C" failures="0" tests="7" name="MyTestCases" time="6.417" errors="0" timestamp="2024-11-08T17:34:49 EET" skipped="2">
  <testcase classname="MyTestCases" name="RadioButtons" time="0.219"/>
  <system-out/>
  <testcase classname="MyTestCases" name="DynamicDropDownList" time="1.216"/>
  <system-out/>
  <testcase classname="MyTestCases" name="selectTag" time="0.337"/>
  <system-out/>
  <testcase classname="MyTestCases" name="checkbox" time="0.229"/>
  <system-out/>
  <testcase classname="MyTestCases" name="switcALERT" time="4.416"/>
  <system-out/>
  <testcase classname="MyTestCases" name="switchTab">
    <skipped/>
  </testcase> <!-- switchTab -->
  <system-out/>
  <testcase classname="MyTestCases" name="openWindow">
    <skipped/>
  </testcase> <!-- openWindow -->
  <system-out/>
</testsuite> <!-- MyTestCases -->
