<?xml version="1.0" encoding="UTF-8"?>
<!-- Generated by org.testng.reporters.JUnitReportReporter -->
<testsuite hostname="DESKTOP-NPOGQ3C" failures="0" tests="11" name="MyTestCases" time="30.517" errors="0" timestamp="2024-11-10T22:11:24 EET" skipped="8">
  <testcase classname="MyTestCases" name="openWindow" time="13.636"/>
  <system-out/>
  <testcase classname="MyTestCases" name="switchTab" time="12.953"/>
  <system-out/>
  <testcase classname="MyTestCases" name="Mouse_Hover" time="3.928"/>
  <system-out/>
  <testcase classname="MyTestCases" name="Enable_Disable">
    <skipped/>
  </testcase> <!-- Enable_Disable -->
  <system-out/>
  <testcase classname="MyTestCases" name="RadioButtons">
    <skipped/>
  </testcase> <!-- RadioButtons -->
  <system-out/>
  <testcase classname="MyTestCases" name="ElementDisplayed">
    <skipped/>
  </testcase> <!-- ElementDisplayed -->
  <system-out/>
  <testcase classname="MyTestCases" name="checkbox">
    <skipped/>
  </testcase> <!-- checkbox -->
  <system-out/>
  <testcase classname="MyTestCases" name="switcALERT">
    <skipped/>
  </testcase> <!-- switcALERT -->
  <system-out/>
  <testcase classname="MyTestCases" name="selectTag">
    <skipped/>
  </testcase> <!-- selectTag -->
  <system-out/>
  <testcase classname="MyTestCases" name="DynamicDropDownList">
    <skipped/>
  </testcase> <!-- DynamicDropDownList -->
  <system-out/>
  <testcase classname="MyTestCases" name="Table">
    <skipped/>
  </testcase> <!-- Table -->
  <system-out/>
</testsuite> <!-- MyTestCases -->
