<?xml version="1.0" encoding="UTF-8"?>
<!-- Generated by org.testng.reporters.JUnitReportReporter -->
<testsuite hostname="DESKTOP-NPOGQ3C" failures="0" tests="3" name="MyTestCases" time="1.581" errors="0" timestamp="2024-11-03T00:26:04 EET" skipped="0">
  <testcase classname="MyTestCases" name="RadioButtons" time="0.175"/>
  <system-out/>
  <testcase classname="MyTestCases" name="DynamicDropDownList" time="1.201"/>
  <system-out/>
  <testcase classname="MyTestCases" name="selectTag" time="0.205"/>
  <system-out/>
</testsuite> <!-- MyTestCases -->
