<?xml version="1.0" encoding="UTF-8"?>
<!-- Generated by org.testng.reporters.JUnitReportReporter -->
<testsuite hostname="DESKTOP-NPOGQ3C" failures="0" tests="10" name="MyTestCases" time="9.482" errors="0" timestamp="2024-11-09T01:37:31 EET" skipped="2">
  <testcase classname="MyTestCases" name="RadioButtons" time="0.207"/>
  <system-out/>
  <testcase classname="MyTestCases" name="DynamicDropDownList" time="1.278"/>
  <system-out/>
  <testcase classname="MyTestCases" name="selectTag" time="0.229"/>
  <system-out/>
  <testcase classname="MyTestCases" name="checkbox" time="0.330"/>
  <system-out/>
  <testcase classname="MyTestCases" name="switcALERT" time="4.527"/>
  <system-out/>
  <testcase classname="MyTestCases" name="Table" time="0.287"/>
  <system-out/>
  <testcase classname="MyTestCases" name="ElementDisplayed" time="2.326"/>
  <system-out/>
  <testcase classname="MyTestCases" name="Enable_Disable" time="0.298"/>
  <system-out/>
  <testcase classname="MyTestCases" name="switchTab">
    <skipped/>
  </testcase> <!-- switchTab -->
  <system-out/>
  <testcase classname="MyTestCases" name="openWindow">
    <skipped/>
  </testcase> <!-- openWindow -->
  <system-out/>
</testsuite> <!-- MyTestCases -->
