<?xml version="1.0" encoding="UTF-8"?>
<!-- Generated by org.testng.reporters.JUnitReportReporter -->
<testsuite hostname="DESKTOP-NPOGQ3C" failures="0" tests="1" name="MyTestCases" time="0.012" errors="0" timestamp="2024-11-02T21:17:04 EET" skipped="0">
  <testcase classname="MyTestCases" name="RadioButtons" time="0.012"/>
  <system-out/>
</testsuite> <!-- MyTestCases -->
