<?xml version="1.0" encoding="UTF-8"?>
<!-- Generated by org.testng.reporters.JUnitReportReporter -->
<testsuite hostname="DESKTOP-NPOGQ3C" failures="0" tests="6" name="MyTestCases" time="69.094" errors="0" timestamp="2024-11-08T17:03:04 EET" skipped="0">
  <testcase classname="MyTestCases" name="RadioButtons" time="0.202"/>
  <system-out/>
  <testcase classname="MyTestCases" name="DynamicDropDownList" time="1.232"/>
  <system-out/>
  <testcase classname="MyTestCases" name="selectTag" time="0.218"/>
  <system-out/>
  <testcase classname="MyTestCases" name="checkbox" time="0.214"/>
  <system-out/>
  <testcase classname="MyTestCases" name="openWindow" time="9.982"/>
  <system-out/>
  <testcase classname="MyTestCases" name="switchTab" time="57.246"/>
  <system-out/>
</testsuite> <!-- MyTestCases -->
